[2023-05-09T00:25:31.972933-04:00] database_logs.ERROR: This query failed ... [] []
[2023-05-09T00:25:31.974005-04:00] access_log.INFO: Access: GET IP: ::1 /films-api/languages [] []
[2023-05-09T00:25:31.974009-04:00] access_log.INFO: Access: GET IP: ::1 /films-api/categories [] []
[2023-05-09T00:26:01.883012-04:00] database_logs.ERROR: This query failed ... [] []
[2023-05-09T00:26:01.884290-04:00] access_log.INFO: Access: POST IP: ::1 /films-api/actors [] []
[2023-05-09T00:29:43.943645-04:00] database_logs.ERROR: This query failed ... [] []
[2023-05-09T00:29:43.944563-04:00] access_log.INFO: Access: POST IP: ::1 /films-api/actors [] []
[2023-05-09T00:29:51.990969-04:00] database_logs.ERROR: This query failed ... [] []
[2023-05-09T00:29:51.994396-04:00] access_log.INFO: Access: GET IP: ::1 /films-api/actors {"page":"1","page_size":"10","first_name":"Julien"} []
[2023-05-09T00:30:21.230899-04:00] database_logs.ERROR: This query failed ... [] []
[2023-05-09T00:30:21.231767-04:00] access_log.INFO: Access: GET IP: ::1 /films-api/actors [] []
[2023-05-09T00:30:27.167771-04:00] database_logs.ERROR: This query failed ... [] []
[2023-05-09T00:30:27.168463-04:00] access_log.INFO: Access: GET IP: ::1 /films-api/actors {"page":"1","page_size":"10","first_name":"Julien"} []
[2023-05-09T00:30:37.407906-04:00] database_logs.ERROR: This query failed ... [] []
[2023-05-09T00:30:37.412143-04:00] access_log.INFO: Access: GET IP: ::1 /films-api/actors [] []
[2023-05-09T00:30:37.464844-04:00] database_logs.ERROR: This query failed ... [] []
[2023-05-09T00:30:37.465564-04:00] access_log.INFO: Access: GET IP: ::1 /films-api/actors [] []
[2023-05-09T00:30:49.070253-04:00] database_logs.ERROR: This query failed ... [] []
[2023-05-09T00:30:49.071060-04:00] access_log.INFO: Access: GET IP: ::1 /films-api/languages [] []
[2023-05-09T00:30:49.073900-04:00] database_logs.ERROR: This query failed ... [] []
[2023-05-09T00:30:49.075581-04:00] access_log.INFO: Access: GET IP: ::1 /films-api/categories [] []
[2023-05-09T00:30:50.501747-04:00] database_logs.ERROR: This query failed ... [] []
[2023-05-09T00:30:50.502499-04:00] access_log.INFO: Access: GET IP: ::1 /films-api/films {"page":"1","page_size":"10"} []
[2023-05-09T00:31:03.658092-04:00] database_logs.ERROR: This query failed ... [] []
[2023-05-09T00:31:03.663775-04:00] access_log.INFO: Access: POST IP: ::1 /films-api/actors [] []
[2023-05-09T00:31:08.145593-04:00] database_logs.ERROR: This query failed ... [] []
[2023-05-09T00:31:08.146310-04:00] access_log.INFO: Access: GET IP: ::1 /films-api/actors {"page":"1","page_size":"10","first_name":"Julien"} []
[2023-05-09T00:31:14.055600-04:00] database_logs.ERROR: This query failed ... [] []
[2023-05-09T00:31:14.056287-04:00] access_log.INFO: Access: GET IP: ::1 /films-api/actors {"page":"1","page_size":"20","first_name":"Julien"} []
[2023-05-09T00:31:15.531562-04:00] database_logs.ERROR: This query failed ... [] []
[2023-05-09T00:31:15.532309-04:00] access_log.INFO: Access: GET IP: ::1 /films-api/actors {"page":"1","page_size":"20","first_name":"Julien"} []
[2023-05-09T00:31:16.959000-04:00] database_logs.ERROR: This query failed ... [] []
[2023-05-09T00:31:16.960151-04:00] access_log.INFO: Access: GET IP: ::1 /films-api/actors {"page":"1","page_size":"20","first_name":"Julien"} []
[2023-05-09T00:31:31.947593-04:00] database_logs.ERROR: This query failed ... [] []
[2023-05-09T00:31:31.953444-04:00] access_log.INFO: Access: GET IP: ::1 /films-api/categories [] []
[2023-05-09T00:31:33.093860-04:00] database_logs.ERROR: This query failed ... [] []
[2023-05-09T00:31:33.094614-04:00] access_log.INFO: Access: GET IP: ::1 /films-api/films {"page":"1","page_size":"10"} []
[2023-05-09T00:31:38.210676-04:00] database_logs.ERROR: This query failed ... [] []
[2023-05-09T00:31:38.211550-04:00] access_log.INFO: Access: GET IP: ::1 /films-api/films {"page":"1","page_size":"50"} []
[2023-05-09T00:31:42.874147-04:00] database_logs.ERROR: This query failed ... [] []
[2023-05-09T00:31:42.875134-04:00] access_log.INFO: Access: GET IP: ::1 /films-api/categories [] []
[2023-05-09T00:31:45.309409-04:00] database_logs.ERROR: This query failed ... [] []
[2023-05-09T00:31:45.310152-04:00] access_log.INFO: Access: GET IP: ::1 /films-api/categories/2/films {"page":"1","page_size":"10"} []
[2023-05-09T00:31:47.096598-04:00] database_logs.ERROR: This query failed ... [] []
[2023-05-09T00:31:47.097522-04:00] access_log.INFO: Access: GET IP: ::1 /films-api/categories/2/films {"page":"1","page_size":"50"} []
[2023-05-09T00:31:49.174978-04:00] database_logs.ERROR: This query failed ... [] []
[2023-05-09T00:31:49.175745-04:00] access_log.INFO: Access: GET IP: ::1 /films-api/categories/2/films {"page":"2","page_size":"50"} []
[2023-05-09T00:31:51.133548-04:00] database_logs.ERROR: This query failed ... [] []
[2023-05-09T00:31:51.134297-04:00] access_log.INFO: Access: GET IP: ::1 /films-api/categories/2/films {"page":"2","page_size":"50"} []
[2023-05-09T00:32:01.605137-04:00] database_logs.ERROR: This query failed ... [] []
[2023-05-09T00:32:01.611231-04:00] access_log.INFO: Access: POST IP: ::1 /films-api/actors [] []
[2023-05-09T00:32:11.764586-04:00] database_logs.ERROR: This query failed ... [] []
[2023-05-09T00:32:11.765346-04:00] access_log.INFO: Access: GET IP: ::1 /films-api/actors {"page":"1","page_size":"10","first_name":"Olivia"} []
[2023-05-09T00:32:15.919239-04:00] database_logs.ERROR: This query failed ... [] []
[2023-05-09T00:32:15.920073-04:00] access_log.INFO: Access: POST IP: ::1 /films-api/actors [] []
[2023-05-09T00:32:15.920076-04:00] access_log.INFO: Access: POST IP: ::1 /films-api/actors [] []
[2023-05-09T00:32:35.232446-04:00] database_logs.ERROR: This query failed ... [] []
[2023-05-09T00:32:35.233344-04:00] access_log.INFO: Access: POST IP: ::1 /films-api/actors [] []
[2023-05-09T00:32:40.204148-04:00] database_logs.ERROR: This query failed ... [] []
[2023-05-09T00:32:40.204859-04:00] access_log.INFO: Access: GET IP: ::1 /films-api/actors {"page":"1","page_size":"10","first_name":"Olivia"} []
[2023-05-09T00:33:31.491648-04:00] database_logs.ERROR: This query failed ... [] []
[2023-05-09T00:33:31.492656-04:00] access_log.INFO: Access: GET IP: ::1 /films-api/languages [] []
[2023-05-09T00:33:31.495988-04:00] database_logs.ERROR: This query failed ... [] []
[2023-05-09T00:33:31.496946-04:00] access_log.INFO: Access: GET IP: ::1 /films-api/categories [] []
[2023-05-09T00:33:32.876476-04:00] database_logs.ERROR: This query failed ... [] []
[2023-05-09T00:33:32.877238-04:00] access_log.INFO: Access: GET IP: ::1 /films-api/films {"page":"1","page_size":"10"} []
[2023-05-09T00:33:35.539250-04:00] database_logs.ERROR: This query failed ... [] []
[2023-05-09T00:33:35.539280-04:00] database_logs.ERROR: This query failed ... [] []
[2023-05-09T00:33:35.540019-04:00] access_log.INFO: Access: GET IP: ::1 /films-api/categories [] []
[2023-05-09T00:33:35.540058-04:00] access_log.INFO: Access: GET IP: ::1 /films-api/languages [] []
[2023-05-09T12:04:58.988670-04:00] database_logs.ERROR: This query failed ... [] []
[2023-05-09T12:04:58.988660-04:00] database_logs.ERROR: This query failed ... [] []
[2023-05-09T12:04:59.026749-04:00] access_log.INFO: Access: GET IP: ::1 /films-api/languages [] []
[2023-05-09T12:04:59.026793-04:00] access_log.INFO: Access: GET IP: ::1 /films-api/categories [] []
[2023-05-09T12:04:59.923101-04:00] database_logs.ERROR: This query failed ... [] []
[2023-05-09T12:04:59.923862-04:00] access_log.INFO: Access: GET IP: ::1 /films-api/films {"page":"1","page_size":"10"} []
[2023-05-09T12:05:08.096889-04:00] database_logs.ERROR: This query failed ... [] []
[2023-05-09T12:05:08.097660-04:00] access_log.INFO: Access: GET IP: ::1 /films-api/films {"page":"1","page_size":"20"} []
[2023-05-09T12:05:11.745902-04:00] database_logs.ERROR: This query failed ... [] []
[2023-05-09T12:05:11.746668-04:00] access_log.INFO: Access: GET IP: ::1 /films-api/films {"page":"2","page_size":"20"} []
[2023-05-09T12:05:12.407442-04:00] database_logs.ERROR: This query failed ... [] []
[2023-05-09T12:05:12.408207-04:00] access_log.INFO: Access: GET IP: ::1 /films-api/films {"page":"1","page_size":"20"} []
[2023-05-09T12:05:12.724577-04:00] database_logs.ERROR: This query failed ... [] []
[2023-05-09T12:05:12.725340-04:00] access_log.INFO: Access: GET IP: ::1 /films-api/films {"page":"1","page_size":"20"} []
[2023-05-09T12:05:14.145823-04:00] database_logs.ERROR: This query failed ... [] []
[2023-05-09T12:05:14.146591-04:00] access_log.INFO: Access: GET IP: ::1 /films-api/films {"page":"1","page_size":"50"} []
[2023-05-09T12:05:15.523963-04:00] database_logs.ERROR: This query failed ... [] []
[2023-05-09T12:05:15.524701-04:00] access_log.INFO: Access: GET IP: ::1 /films-api/films {"page":"2","page_size":"50"} []
[2023-05-09T12:05:17.148608-04:00] database_logs.ERROR: This query failed ... [] []
[2023-05-09T12:05:17.149361-04:00] access_log.INFO: Access: GET IP: ::1 /films-api/actors {"page":"1","page_size":"10"} []
[2023-05-09T12:05:18.223555-04:00] database_logs.ERROR: This query failed ... [] []
[2023-05-09T12:05:18.224296-04:00] access_log.INFO: Access: GET IP: ::1 /films-api/actors {"page":"2","page_size":"10"} []
[2023-05-09T12:05:18.680930-04:00] database_logs.ERROR: This query failed ... [] []
[2023-05-09T12:05:18.681679-04:00] access_log.INFO: Access: GET IP: ::1 /films-api/actors {"page":"3","page_size":"10"} []
[2023-05-09T12:05:18.871354-04:00] database_logs.ERROR: This query failed ... [] []
[2023-05-09T12:05:18.872147-04:00] access_log.INFO: Access: GET IP: ::1 /films-api/actors {"page":"4","page_size":"10"} []
[2023-05-09T12:05:20.490671-04:00] database_logs.ERROR: This query failed ... [] []
[2023-05-09T12:05:20.491441-04:00] access_log.INFO: Access: GET IP: ::1 /films-api/actors {"page":"1","page_size":"50"} []
[2023-05-09T12:05:21.257583-04:00] database_logs.ERROR: This query failed ... [] []
[2023-05-09T12:05:21.258352-04:00] access_log.INFO: Access: GET IP: ::1 /films-api/actors {"page":"2","page_size":"50"} []
[2023-05-09T12:05:21.447274-04:00] database_logs.ERROR: This query failed ... [] []
[2023-05-09T12:05:21.448029-04:00] access_log.INFO: Access: GET IP: ::1 /films-api/actors {"page":"3","page_size":"50"} []
[2023-05-09T12:05:21.632287-04:00] database_logs.ERROR: This query failed ... [] []
[2023-05-09T12:05:21.633004-04:00] access_log.INFO: Access: GET IP: ::1 /films-api/actors {"page":"4","page_size":"50"} []
[2023-05-09T12:05:21.823527-04:00] database_logs.ERROR: This query failed ... [] []
[2023-05-09T12:05:21.824285-04:00] access_log.INFO: Access: GET IP: ::1 /films-api/actors {"page":"5","page_size":"50"} []
[2023-05-09T12:05:22.008968-04:00] database_logs.ERROR: This query failed ... [] []
[2023-05-09T12:05:22.009760-04:00] access_log.INFO: Access: GET IP: ::1 /films-api/actors {"page":"5","page_size":"50"} []
[2023-05-09T12:05:22.177074-04:00] database_logs.ERROR: This query failed ... [] []
[2023-05-09T12:05:22.177824-04:00] access_log.INFO: Access: GET IP: ::1 /films-api/actors {"page":"5","page_size":"50"} []
[2023-05-09T12:05:22.304879-04:00] database_logs.ERROR: This query failed ... [] []
[2023-05-09T12:05:22.305662-04:00] access_log.INFO: Access: GET IP: ::1 /films-api/actors {"page":"5","page_size":"50"} []
[2023-05-09T12:05:23.305202-04:00] database_logs.ERROR: This query failed ... [] []
[2023-05-09T12:05:23.306026-04:00] access_log.INFO: Access: GET IP: ::1 /films-api/actors {"page":"4","page_size":"50"} []
[2023-05-09T12:05:23.472079-04:00] database_logs.ERROR: This query failed ... [] []
[2023-05-09T12:05:23.472897-04:00] access_log.INFO: Access: GET IP: ::1 /films-api/actors {"page":"3","page_size":"50"} []
[2023-05-09T12:05:31.499501-04:00] database_logs.ERROR: This query failed ... [] []
[2023-05-09T12:05:31.506160-04:00] access_log.INFO: Access: POST IP: ::1 /films-api/actors [] []
[2023-05-09T12:05:37.426740-04:00] database_logs.ERROR: This query failed ... [] []
[2023-05-09T12:05:37.427511-04:00] access_log.INFO: Access: GET IP: ::1 /films-api/actors {"page":"1","page_size":"10","first_name":"nate"} []
[2023-05-09T12:05:37.458004-04:00] database_logs.ERROR: This query failed ... [] []
[2023-05-09T12:05:37.458717-04:00] access_log.INFO: Access: GET IP: ::1 /films-api/actors {"page":"1","page_size":"10","first_name":"nate"} []
[2023-05-09T12:05:41.368149-04:00] database_logs.ERROR: This query failed ... [] []
[2023-05-09T12:05:41.368904-04:00] access_log.INFO: Access: GET IP: ::1 /films-api/actors {"page":"1","page_size":"50","first_name":"nate"} []
[2023-05-09T12:05:42.407414-04:00] database_logs.ERROR: This query failed ... [] []
[2023-05-09T12:05:42.408163-04:00] access_log.INFO: Access: GET IP: ::1 /films-api/actors {"page":"1","page_size":"50","first_name":"nate"} []
[2023-05-09T12:05:48.375854-04:00] database_logs.ERROR: This query failed ... [] []
[2023-05-09T12:05:48.376605-04:00] access_log.INFO: Access: GET IP: ::1 /films-api/actors {"page":"1","page_size":"10"} []
[2023-05-09T12:05:48.413595-04:00] database_logs.ERROR: This query failed ... [] []
[2023-05-09T12:05:48.414325-04:00] access_log.INFO: Access: GET IP: ::1 /films-api/actors {"page":"1","page_size":"10"} []
[2023-05-09T12:05:48.446559-04:00] database_logs.ERROR: This query failed ... [] []
[2023-05-09T12:05:48.447312-04:00] access_log.INFO: Access: GET IP: ::1 /films-api/actors {"page":"1","page_size":"10"} []
[2023-05-09T12:06:00.834135-04:00] database_logs.ERROR: This query failed ... [] []
[2023-05-09T12:06:00.834884-04:00] access_log.INFO: Access: GET IP: ::1 /films-api/films/5645654 [] []
[2023-05-10T12:09:12.912902-04:00] database_logs.ERROR: This query failed ... [] []
[2023-05-10T12:09:12.922693-04:00] access_log.INFO: Access: GET IP: 127.0.0.1 /films-api/astronauts [] []
[2023-05-16T15:11:28.479798-04:00] database_logs.ERROR: This query failed ... [] []
[2023-05-16T15:11:28.688639-04:00] access_log.INFO: Access: GET IP: ::1 /films-api/categories [] []
[2023-05-16T15:11:28.688656-04:00] access_log.INFO: Access: GET IP: ::1 /films-api/films {"page":"1","page_size":"10"} []
[2023-05-16T15:11:43.575595-04:00] database_logs.ERROR: This query failed ... [] []
[2023-05-16T15:11:43.576563-04:00] access_log.INFO: Access: GET IP: ::1 /films-api/films {"page":"2","page_size":"10"} []
[2023-05-16T15:11:45.115606-04:00] database_logs.ERROR: This query failed ... [] []
[2023-05-16T15:11:45.116586-04:00] access_log.INFO: Access: GET IP: ::1 /films-api/films {"page":"3","page_size":"10"} []
[2023-05-16T15:11:45.908219-04:00] database_logs.ERROR: This query failed ... [] []
[2023-05-16T15:11:45.909178-04:00] access_log.INFO: Access: GET IP: ::1 /films-api/films {"page":"4","page_size":"10"} []
[2023-05-16T15:11:46.733170-04:00] database_logs.ERROR: This query failed ... [] []
[2023-05-16T15:11:46.734193-04:00] access_log.INFO: Access: GET IP: ::1 /films-api/films {"page":"3","page_size":"10"} []
[2023-05-16T15:11:47.301142-04:00] database_logs.ERROR: This query failed ... [] []
[2023-05-16T15:11:47.302088-04:00] access_log.INFO: Access: GET IP: ::1 /films-api/films {"page":"2","page_size":"10"} []
[2023-05-16T15:11:48.097865-04:00] database_logs.ERROR: This query failed ... [] []
[2023-05-16T15:11:48.099158-04:00] access_log.INFO: Access: GET IP: ::1 /films-api/films {"page":"1","page_size":"10"} []
[2023-05-16T15:11:49.311526-04:00] database_logs.ERROR: This query failed ... [] []
[2023-05-16T15:11:49.312540-04:00] access_log.INFO: Access: GET IP: ::1 /films-api/films {"page":"1","page_size":"10"} []
[2023-05-16T15:11:52.049373-04:00] database_logs.ERROR: This query failed ... [] []
[2023-05-16T15:11:52.050384-04:00] access_log.INFO: Access: GET IP: ::1 /films-api/films {"page":"1","page_size":"40"} []
[2023-05-16T15:11:54.180671-04:00] database_logs.ERROR: This query failed ... [] []
[2023-05-16T15:11:54.181656-04:00] access_log.INFO: Access: GET IP: ::1 /films-api/films {"page":"1","page_size":"50"} []
[2023-05-16T15:11:55.450031-04:00] database_logs.ERROR: This query failed ... [] []
[2023-05-16T15:11:55.453518-04:00] access_log.INFO: Access: GET IP: ::1 /films-api/films {"page":"2","page_size":"50"} []
[2023-05-16T15:11:56.210672-04:00] database_logs.ERROR: This query failed ... [] []
[2023-05-16T15:11:56.211705-04:00] access_log.INFO: Access: GET IP: ::1 /films-api/films {"page":"3","page_size":"50"} []
[2023-05-16T15:11:57.588497-04:00] database_logs.ERROR: This query failed ... [] []
[2023-05-16T15:11:57.589485-04:00] access_log.INFO: Access: GET IP: ::1 /films-api/films {"page":"2","page_size":"50"} []
[2023-05-16T15:11:58.011048-04:00] database_logs.ERROR: This query failed ... [] []
[2023-05-16T15:11:58.012078-04:00] access_log.INFO: Access: GET IP: ::1 /films-api/films {"page":"1","page_size":"50"} []
[2023-05-16T15:11:58.655825-04:00] database_logs.ERROR: This query failed ... [] []
[2023-05-16T15:11:58.656806-04:00] access_log.INFO: Access: GET IP: ::1 /films-api/films {"page":"1","page_size":"50"} []
[2023-05-16T15:12:00.654766-04:00] database_logs.ERROR: This query failed ... [] []
[2023-05-16T15:12:00.655743-04:00] access_log.INFO: Access: GET IP: ::1 /films-api/films {"page":"1","page_size":"10"} []
[2023-05-16T15:12:05.297787-04:00] database_logs.ERROR: This query failed ... [] []
[2023-05-16T15:12:05.299232-04:00] access_log.INFO: Access: GET IP: ::1 /films-api/actors {"page":"1","page_size":"10"} []
[2023-05-16T15:12:07.129283-04:00] database_logs.ERROR: This query failed ... [] []
[2023-05-16T15:12:07.132766-04:00] access_log.INFO: Access: GET IP: ::1 /films-api/actors {"page":"2","page_size":"10"} []
[2023-05-16T15:12:08.768531-04:00] database_logs.ERROR: This query failed ... [] []
[2023-05-16T15:12:08.769537-04:00] access_log.INFO: Access: GET IP: ::1 /films-api/actors {"page":"3","page_size":"10"} []
[2023-05-16T15:12:11.277371-04:00] database_logs.ERROR: This query failed ... [] []
[2023-05-16T15:12:11.278394-04:00] access_log.INFO: Access: GET IP: ::1 /films-api/actors {"page":"2","page_size":"10"} []
[2023-05-16T15:12:11.529338-04:00] database_logs.ERROR: This query failed ... [] []
[2023-05-16T15:12:11.530395-04:00] access_log.INFO: Access: GET IP: ::1 /films-api/actors {"page":"1","page_size":"10"} []
[2023-05-16T15:12:11.811593-04:00] database_logs.ERROR: This query failed ... [] []
[2023-05-16T15:12:11.812662-04:00] access_log.INFO: Access: GET IP: ::1 /films-api/actors {"page":"1","page_size":"10"} []
[2023-05-16T15:12:12.266959-04:00] database_logs.ERROR: This query failed ... [] []
[2023-05-16T15:12:12.267984-04:00] access_log.INFO: Access: GET IP: ::1 /films-api/actors {"page":"1","page_size":"10"} []
[2023-05-16T15:12:16.849702-04:00] database_logs.ERROR: This query failed ... [] []
[2023-05-16T15:12:16.850711-04:00] access_log.INFO: Access: GET IP: ::1 /films-api/categories [] []
[2023-05-16T15:12:21.587140-04:00] database_logs.ERROR: This query failed ... [] []
[2023-05-16T15:12:21.588272-04:00] access_log.INFO: Access: GET IP: ::1 /films-api/categories/1/films {"page":"1","page_size":"10"} []
[2023-05-16T15:12:22.995862-04:00] database_logs.ERROR: This query failed ... [] []
[2023-05-16T15:12:22.996865-04:00] access_log.INFO: Access: GET IP: ::1 /films-api/categories/1/films {"page":"2","page_size":"10"} []
[2023-05-16T15:12:23.597900-04:00] database_logs.ERROR: This query failed ... [] []
[2023-05-16T15:12:23.599119-04:00] access_log.INFO: Access: GET IP: ::1 /films-api/categories/1/films {"page":"3","page_size":"10"} []
[2023-05-16T15:12:24.894763-04:00] database_logs.ERROR: This query failed ... [] []
[2023-05-16T15:12:24.895898-04:00] access_log.INFO: Access: GET IP: ::1 /films-api/categories/1/films {"page":"2","page_size":"10"} []
[2023-05-16T15:12:25.219673-04:00] database_logs.ERROR: This query failed ... [] []
[2023-05-16T15:12:25.220792-04:00] access_log.INFO: Access: GET IP: ::1 /films-api/categories/1/films {"page":"1","page_size":"10"} []
[2023-05-16T15:12:25.967407-04:00] database_logs.ERROR: This query failed ... [] []
[2023-05-16T15:12:25.968624-04:00] access_log.INFO: Access: GET IP: ::1 /films-api/categories/1/films {"page":"1","page_size":"10"} []
[2023-05-16T15:12:26.835446-04:00] database_logs.ERROR: This query failed ... [] []
[2023-05-16T15:12:26.836550-04:00] access_log.INFO: Access: GET IP: ::1 /films-api/categories/1/films {"page":"1","page_size":"10"} []
[2023-05-16T15:12:28.679857-04:00] database_logs.ERROR: This query failed ... [] []
[2023-05-16T15:12:28.680881-04:00] access_log.INFO: Access: GET IP: ::1 /films-api/categories/1/films {"page":"1","page_size":"20"} []
[2023-05-16T15:12:30.619723-04:00] database_logs.ERROR: This query failed ... [] []
[2023-05-16T15:12:30.620710-04:00] access_log.INFO: Access: GET IP: ::1 /films-api/categories/1/films {"page":"2","page_size":"20"} []
[2023-05-16T15:12:31.863340-04:00] database_logs.ERROR: This query failed ... [] []
[2023-05-16T15:12:31.866778-04:00] access_log.INFO: Access: GET IP: ::1 /films-api/categories/1/films {"page":"3","page_size":"20"} []
[2023-05-16T15:12:32.565102-04:00] database_logs.ERROR: This query failed ... [] []
[2023-05-16T15:12:32.566131-04:00] access_log.INFO: Access: GET IP: ::1 /films-api/categories/1/films {"page":"4","page_size":"20"} []
[2023-05-16T15:12:35.407491-04:00] database_logs.ERROR: This query failed ... [] []
[2023-05-16T15:12:35.408790-04:00] access_log.INFO: Access: GET IP: ::1 /films-api/categories [] []
[2023-05-16T15:12:47.736680-04:00] database_logs.ERROR: This query failed ... [] []
[2023-05-16T15:12:47.737696-04:00] access_log.INFO: Access: GET IP: ::1 /films-api/actors/3/films {"page":"1","page_size":"10"} []
[2023-05-16T15:12:50.818038-04:00] database_logs.ERROR: This query failed ... [] []
[2023-05-16T15:12:50.819115-04:00] access_log.INFO: Access: GET IP: ::1 /films-api/actors/3/films {"page":"2","page_size":"10"} []
[2023-05-16T15:12:51.284674-04:00] database_logs.ERROR: This query failed ... [] []
[2023-05-16T15:12:51.285649-04:00] access_log.INFO: Access: GET IP: ::1 /films-api/actors/3/films {"page":"3","page_size":"10"} []
[2023-05-16T15:12:52.659244-04:00] database_logs.ERROR: This query failed ... [] []
[2023-05-16T15:12:52.660308-04:00] access_log.INFO: Access: GET IP: ::1 /films-api/actors/3/films {"page":"2","page_size":"10"} []
[2023-05-16T15:12:52.973648-04:00] database_logs.ERROR: This query failed ... [] []
[2023-05-16T15:12:52.974597-04:00] access_log.INFO: Access: GET IP: ::1 /films-api/actors/3/films {"page":"1","page_size":"10"} []
[2023-05-16T15:12:53.445977-04:00] database_logs.ERROR: This query failed ... [] []
[2023-05-16T15:12:53.446968-04:00] access_log.INFO: Access: GET IP: ::1 /films-api/actors/3/films {"page":"1","page_size":"10"} []
[2023-05-16T15:12:55.468634-04:00] database_logs.ERROR: This query failed ... [] []
[2023-05-16T15:12:55.469621-04:00] access_log.INFO: Access: GET IP: ::1 /films-api/actors/3/films {"page":"1","page_size":"50"} []
[2023-05-16T15:12:57.608827-04:00] database_logs.ERROR: This query failed ... [] []
[2023-05-16T15:12:57.609816-04:00] access_log.INFO: Access: GET IP: ::1 /films-api/actors/3/films {"page":"1","page_size":"50"} []
[2023-05-16T15:12:59.538912-04:00] database_logs.ERROR: This query failed ... [] []
[2023-05-16T15:12:59.539980-04:00] access_log.INFO: Access: GET IP: ::1 /films-api/actors/3/films {"page":"1","page_size":"10"} []
[2023-05-16T15:13:04.979090-04:00] database_logs.ERROR: This query failed ... [] []
[2023-05-16T15:13:04.980414-04:00] access_log.INFO: Access: GET IP: ::1 /films-api/films/2 [] []
[2023-05-16T15:13:10.635763-04:00] database_logs.ERROR: This query failed ... [] []
[2023-05-16T15:13:10.636809-04:00] access_log.INFO: Access: GET IP: ::1 /films-api/films/2 [] []
[2023-05-16T15:13:10.718250-04:00] database_logs.ERROR: This query failed ... [] []
[2023-05-16T15:13:10.719228-04:00] access_log.INFO: Access: GET IP: ::1 /films-api/films/2 [] []
[2023-05-16T15:13:16.245211-04:00] database_logs.ERROR: This query failed ... [] []
[2023-05-16T15:13:16.247131-04:00] access_log.INFO: Access: GET IP: ::1 /films-api/films/24333333333 [] []
[2023-05-16T15:13:16.612654-04:00] database_logs.ERROR: This query failed ... [] []
[2023-05-16T15:13:16.613634-04:00] access_log.INFO: Access: GET IP: ::1 /films-api/films/24333333333 [] []
[2023-05-16T15:13:16.694152-04:00] database_logs.ERROR: This query failed ... [] []
[2023-05-16T15:13:16.695159-04:00] access_log.INFO: Access: GET IP: ::1 /films-api/films/24333333333 [] []
[2023-05-16T15:13:23.345868-04:00] database_logs.ERROR: This query failed ... [] []
[2023-05-16T15:13:23.346854-04:00] access_log.INFO: Access: POST IP: ::1 /films-api/actors [] []
[2023-05-16T15:13:28.265198-04:00] database_logs.ERROR: This query failed ... [] []
[2023-05-16T15:13:28.279221-04:00] access_log.INFO: Access: GET IP: ::1 /films-api/actors {"page":"1","page_size":"10","first_name":"Julien"} []
[2023-05-16T15:13:28.330190-04:00] database_logs.ERROR: This query failed ... [] []
[2023-05-16T15:13:28.331156-04:00] access_log.INFO: Access: GET IP: ::1 /films-api/actors {"page":"1","page_size":"10","first_name":"Julien"} []
[2023-05-16T15:13:33.516404-04:00] database_logs.ERROR: This query failed ... [] []
[2023-05-16T15:13:33.517660-04:00] access_log.INFO: Access: GET IP: ::1 /films-api/actors {"page":"1","page_size":"50","first_name":"Julien"} []
[2023-05-16T15:13:35.153024-04:00] database_logs.ERROR: This query failed ... [] []
[2023-05-16T15:13:35.154076-04:00] access_log.INFO: Access: GET IP: ::1 /films-api/actors {"page":"1","page_size":"50","first_name":"Julien"} []
[2023-05-16T15:13:35.987904-04:00] database_logs.ERROR: This query failed ... [] []
[2023-05-16T15:13:35.988912-04:00] access_log.INFO: Access: GET IP: ::1 /films-api/actors {"page":"1","page_size":"50","first_name":"Julien"} []
[2023-05-16T15:24:44.664450-04:00] database_logs.ERROR: This query failed ... [] []
[2023-05-16T15:24:44.664406-04:00] database_logs.ERROR: This query failed ... [] []
[2023-05-16T15:24:44.673064-04:00] access_log.INFO: Access: GET IP: ::1 /films-api/categories [] []
[2023-05-16T15:24:44.673104-04:00] access_log.INFO: Access: GET IP: ::1 /films-api/languages [] []
[2023-05-16T15:24:45.914030-04:00] database_logs.ERROR: This query failed ... [] []
[2023-05-16T15:24:45.915025-04:00] access_log.INFO: Access: GET IP: ::1 /films-api/films {"page":"1","page_size":"10"} []
[2023-05-16T15:25:02.276685-04:00] database_logs.ERROR: This query failed ... [] []
[2023-05-16T15:25:02.277786-04:00] access_log.INFO: Access: GET IP: ::1 /films-api/films {"page":"2","page_size":"10"} []
[2023-05-16T15:25:03.143600-04:00] database_logs.ERROR: This query failed ... [] []
[2023-05-16T15:25:03.144633-04:00] access_log.INFO: Access: GET IP: ::1 /films-api/films {"page":"1","page_size":"10"} []
[2023-05-16T15:25:04.246427-04:00] database_logs.ERROR: This query failed ... [] []
[2023-05-16T15:25:04.248248-04:00] access_log.INFO: Access: GET IP: ::1 /films-api/languages [] []
[2023-05-16T15:25:04.246814-04:00] database_logs.ERROR: This query failed ... [] []
[2023-05-16T15:25:04.248650-04:00] access_log.INFO: Access: GET IP: ::1 /films-api/categories [] []
[2023-05-16T15:25:11.088159-04:00] database_logs.ERROR: This query failed ... [] []
[2023-05-16T15:25:11.098635-04:00] access_log.INFO: Access: GET IP: ::1 /films-api/films {"page":"1","page_size":"10","title":"e","description":"e","language":"Japanese","category":"Travel"} []
[2023-05-16T15:25:11.170684-04:00] database_logs.ERROR: This query failed ... [] []
[2023-05-16T15:25:11.171700-04:00] access_log.INFO: Access: GET IP: ::1 /films-api/films {"page":"1","page_size":"10","title":"e","description":"e","language":"Japanese","category":"Travel"} []
[2023-05-16T15:25:17.021177-04:00] database_logs.ERROR: This query failed ... [] []
[2023-05-16T15:25:17.021166-04:00] database_logs.ERROR: This query failed ... [] []
[2023-05-16T15:25:17.023303-04:00] access_log.INFO: Access: GET IP: ::1 /films-api/categories [] []
[2023-05-16T15:25:17.023359-04:00] access_log.INFO: Access: GET IP: ::1 /films-api/languages [] []
[2023-05-16T15:25:41.922328-04:00] database_logs.ERROR: This query failed ... [] []
[2023-05-16T15:25:41.922432-04:00] database_logs.ERROR: This query failed ... [] []
[2023-05-16T15:25:41.931563-04:00] access_log.INFO: Access: GET IP: ::1 /films-api/languages [] []
[2023-05-16T15:25:41.931706-04:00] access_log.INFO: Access: GET IP: ::1 /films-api/categories [] []
[2023-05-16T15:25:47.737779-04:00] database_logs.ERROR: This query failed ... [] []
[2023-05-16T15:25:47.740616-04:00] access_log.INFO: Access: GET IP: ::1 /films-api/films {"page":"1","page_size":"10","title":"e","description":"w","language":"English","category":"Sci-Fi"} []
[2023-05-16T15:25:49.838616-04:00] database_logs.ERROR: This query failed ... [] []
[2023-05-16T15:25:49.840420-04:00] access_log.INFO: Access: GET IP: ::1 /films-api/categories [] []
[2023-05-16T15:25:49.840463-04:00] access_log.INFO: Access: GET IP: ::1 /films-api/languages [] []
[2023-05-16T15:25:52.253197-04:00] database_logs.ERROR: This query failed ... [] []
[2023-05-16T15:25:52.254331-04:00] access_log.INFO: Access: GET IP: ::1 /films-api/films {"page":"1","page_size":"10","title":"e","description":"w","language":"French","category":"Sci-Fi"} []
[2023-05-16T15:25:52.302872-04:00] database_logs.ERROR: This query failed ... [] []
[2023-05-16T15:25:52.303935-04:00] access_log.INFO: Access: GET IP: ::1 /films-api/films {"page":"1","page_size":"10","title":"e","description":"w","language":"French","category":"Sci-Fi"} []
[2023-05-16T15:26:14.997503-04:00] database_logs.ERROR: This query failed ... [] []
[2023-05-16T15:26:14.999188-04:00] database_logs.ERROR: This query failed ... [] []
[2023-05-16T15:26:15.007592-04:00] access_log.INFO: Access: GET IP: ::1 /films-api/categories [] []
[2023-05-16T15:26:15.007807-04:00] access_log.INFO: Access: GET IP: ::1 /films-api/languages [] []
[2023-05-16T15:26:26.655564-04:00] database_logs.ERROR: This query failed ... [] []
[2023-05-16T15:26:26.656849-04:00] access_log.INFO: Access: GET IP: ::1 /films-api/films {"page":"1","page_size":"10","title":"d","description":"d","language":"Italian","category":"Sports"} []
[2023-05-16T15:27:00.457330-04:00] database_logs.ERROR: This query failed ... [] []
[2023-05-16T15:27:00.458715-04:00] access_log.INFO: Access: GET IP: ::1 /films-api/categories [] []
[2023-05-16T15:27:07.092405-04:00] database_logs.ERROR: This query failed ... [] []
[2023-05-16T15:27:07.093564-04:00] access_log.INFO: Access: GET IP: ::1 /films-api/categories/3/films {"page":"1","page_size":"10","fromLength":"130","toLength":"160","rating":"PG"} []
[2023-05-16T15:27:45.797815-04:00] database_logs.ERROR: This query failed ... [] []
[2023-05-16T15:27:45.807845-04:00] access_log.INFO: Access: GET IP: ::1 /films-api/categories [] []
[2023-05-16T15:27:49.244991-04:00] database_logs.ERROR: This query failed ... [] []
[2023-05-16T15:27:49.246279-04:00] access_log.INFO: Access: GET IP: ::1 /films-api/actors/3/films {"page":"1","page_size":"10"} []
[2023-05-16T15:27:58.909911-04:00] database_logs.ERROR: This query failed ... [] []
[2023-05-16T15:27:58.912781-04:00] access_log.INFO: Access: GET IP: ::1 /films-api/categories [] []
[2023-05-16T15:27:59.949587-04:00] database_logs.ERROR: This query failed ... [] []
[2023-05-16T15:27:59.951849-04:00] access_log.INFO: Access: GET IP: ::1 /films-api/categories/3/films {"page":"1","page_size":"10","fromLength":"130","toLength":"160","rating":"PG"} []
[2023-05-16T15:28:00.004343-04:00] database_logs.ERROR: This query failed ... [] []
[2023-05-16T15:28:00.005518-04:00] access_log.INFO: Access: GET IP: ::1 /films-api/categories/3/films {"page":"1","page_size":"10","fromLength":"130","toLength":"160","rating":"PG"} []
[2023-05-16T15:28:02.844877-04:00] database_logs.ERROR: This query failed ... [] []
[2023-05-16T15:28:02.845887-04:00] access_log.INFO: Access: GET IP: ::1 /films-api/categories [] []
[2023-05-16T15:28:06.303339-04:00] database_logs.ERROR: This query failed ... [] []
[2023-05-16T15:28:06.304419-04:00] access_log.INFO: Access: GET IP: ::1 /films-api/categories/3/films {"page":"1","page_size":"10"} []
[2023-05-16T15:28:06.352310-04:00] database_logs.ERROR: This query failed ... [] []
[2023-05-16T15:28:06.353321-04:00] access_log.INFO: Access: GET IP: ::1 /films-api/categories/3/films {"page":"1","page_size":"10"} []
[2023-05-16T15:28:06.405532-04:00] database_logs.ERROR: This query failed ... [] []
[2023-05-16T15:28:06.406817-04:00] access_log.INFO: Access: GET IP: ::1 /films-api/categories/3/films {"page":"1","page_size":"10"} []
[2023-05-16T15:28:09.350956-04:00] database_logs.ERROR: This query failed ... [] []
[2023-05-16T15:28:09.357011-04:00] access_log.INFO: Access: GET IP: ::1 /films-api/categories/3/films {"page":"2","page_size":"10"} []
[2023-05-16T15:28:10.492640-04:00] database_logs.ERROR: This query failed ... [] []
[2023-05-16T15:28:10.493826-04:00] access_log.INFO: Access: GET IP: ::1 /films-api/categories/3/films {"page":"3","page_size":"10"} []
[2023-05-16T15:28:11.172151-04:00] database_logs.ERROR: This query failed ... [] []
[2023-05-16T15:28:11.173335-04:00] access_log.INFO: Access: GET IP: ::1 /films-api/categories/3/films {"page":"4","page_size":"10"} []
[2023-05-16T15:28:11.819448-04:00] database_logs.ERROR: This query failed ... [] []
[2023-05-16T15:28:11.820596-04:00] access_log.INFO: Access: GET IP: ::1 /films-api/categories/3/films {"page":"3","page_size":"10"} []
[2023-05-16T15:28:11.985375-04:00] database_logs.ERROR: This query failed ... [] []
[2023-05-16T15:28:11.986709-04:00] access_log.INFO: Access: GET IP: ::1 /films-api/categories/3/films {"page":"2","page_size":"10"} []
[2023-05-16T15:28:12.133050-04:00] database_logs.ERROR: This query failed ... [] []
[2023-05-16T15:28:12.134169-04:00] access_log.INFO: Access: GET IP: ::1 /films-api/categories/3/films {"page":"1","page_size":"10"} []
[2023-05-16T15:28:12.294943-04:00] database_logs.ERROR: This query failed ... [] []
[2023-05-16T15:28:12.296019-04:00] access_log.INFO: Access: GET IP: ::1 /films-api/categories/3/films {"page":"1","page_size":"10"} []
[2023-05-16T15:28:12.450328-04:00] database_logs.ERROR: This query failed ... [] []
[2023-05-16T15:28:12.451865-04:00] access_log.INFO: Access: GET IP: ::1 /films-api/categories/3/films {"page":"1","page_size":"10"} []
[2023-05-16T15:29:08.373772-04:00] database_logs.ERROR: This query failed ... [] []
[2023-05-16T15:29:08.374822-04:00] access_log.INFO: Access: GET IP: 127.0.0.1 /films-api/films {"title":"Ac","description":"shark"} []
[2023-05-16T15:29:35.130156-04:00] database_logs.ERROR: This query failed ... [] []
[2023-05-16T15:29:35.131194-04:00] access_log.INFO: Access: GET IP: 127.0.0.1 /films-api/films {"title":"Ac","description":"shark"} []
[2023-05-16T15:29:36.004772-04:00] database_logs.ERROR: This query failed ... [] []
[2023-05-16T15:29:36.007083-04:00] access_log.INFO: Access: GET IP: 127.0.0.1 /films-api/films {"title":"Ac","description":"shark"} []
[2023-05-16T15:29:44.536473-04:00] database_logs.ERROR: This query failed ... [] []
[2023-05-16T15:29:44.548172-04:00] access_log.INFO: Access: GET IP: ::1 /films-api/languages [] []
[2023-05-16T15:29:44.537892-04:00] database_logs.ERROR: This query failed ... [] []
[2023-05-16T15:29:44.548329-04:00] access_log.INFO: Access: GET IP: ::1 /films-api/categories [] []
[2023-05-16T15:29:51.137822-04:00] database_logs.ERROR: This query failed ... [] []
[2023-05-16T15:29:51.148674-04:00] access_log.INFO: Access: GET IP: ::1 /films-api/films {"page":"1","page_size":"10","language":"French"} []
[2023-05-16T15:33:04.963751-04:00] database_logs.ERROR: This query failed ... [] []
[2023-05-16T15:33:05.089766-04:00] access_log.INFO: Access: GET IP: ::1 /films-api/actors {"page":"1","page_size":"10","first_name":"mdocmwcow"} []
[2023-05-16T15:33:06.832570-04:00] database_logs.ERROR: This query failed ... [] []
[2023-05-16T15:33:06.833677-04:00] access_log.INFO: Access: GET IP: ::1 /films-api/categories [] []
[2023-05-16T15:33:12.001049-04:00] database_logs.ERROR: This query failed ... [] []
[2023-05-16T15:33:12.011639-04:00] access_log.INFO: Access: GET IP: ::1 /films-api/categories/2/films {"page":"1","page_size":"10","fromLength":"3333333333333333333333"} []
[2023-05-16T15:33:14.181064-04:00] database_logs.ERROR: This query failed ... [] []
[2023-05-16T15:33:14.191791-04:00] access_log.INFO: Access: GET IP: ::1 /films-api/categories [] []
[2023-05-16T15:33:20.641636-04:00] database_logs.ERROR: This query failed ... [] []
[2023-05-16T15:33:20.651616-04:00] access_log.INFO: Access: GET IP: ::1 /films-api/actors/1/films {"page":"1","page_size":"10","category":"Family","rating":"NC-17"} []
[2023-05-16T15:33:21.565792-04:00] database_logs.ERROR: This query failed ... [] []
[2023-05-16T15:33:21.566942-04:00] access_log.INFO: Access: GET IP: ::1 /films-api/categories [] []
[2023-05-16T15:33:24.546358-04:00] database_logs.ERROR: This query failed ... [] []
[2023-05-16T15:33:24.555980-04:00] access_log.INFO: Access: GET IP: ::1 /films-api/actors/1/films {"page":"1","page_size":"10","category":"Classics","rating":"NC-17"} []
[2023-05-16T15:33:24.602282-04:00] database_logs.ERROR: This query failed ... [] []
[2023-05-16T15:33:24.603276-04:00] access_log.INFO: Access: GET IP: ::1 /films-api/actors/1/films {"page":"1","page_size":"10","category":"Classics","rating":"NC-17"} []
[2023-05-16T15:33:25.423678-04:00] database_logs.ERROR: This query failed ... [] []
[2023-05-16T15:33:25.425144-04:00] access_log.INFO: Access: GET IP: ::1 /films-api/categories [] []
[2023-05-16T15:33:30.498350-04:00] database_logs.ERROR: This query failed ... [] []
[2023-05-16T15:33:30.504836-04:00] access_log.INFO: Access: GET IP: ::1 /films-api/actors/1/films {"page":"1","page_size":"10","category":"Music","rating":"NC-17"} []
[2023-05-16T15:33:30.551034-04:00] database_logs.ERROR: This query failed ... [] []
[2023-05-16T15:33:30.551994-04:00] access_log.INFO: Access: GET IP: ::1 /films-api/actors/1/films {"page":"1","page_size":"10","category":"Music","rating":"NC-17"} []
[2023-05-16T15:33:30.622006-04:00] database_logs.ERROR: This query failed ... [] []
[2023-05-16T15:33:30.623015-04:00] access_log.INFO: Access: GET IP: ::1 /films-api/actors/1/films {"page":"1","page_size":"10","category":"Music","rating":"NC-17"} []
[2023-05-16T15:34:27.117847-04:00] database_logs.ERROR: This query failed ... [] []
[2023-05-16T15:34:27.128601-04:00] access_log.INFO: Access: GET IP: ::1 /films-api/languages [] []
[2023-05-16T15:34:27.128641-04:00] access_log.INFO: Access: GET IP: ::1 /films-api/categories [] []
[2023-05-16T15:34:28.419374-04:00] database_logs.ERROR: This query failed ... [] []
[2023-05-16T15:34:28.420351-04:00] access_log.INFO: Access: GET IP: ::1 /films-api/films {"page":"1","page_size":"10"} []
[2023-05-16T15:34:30.485283-04:00] database_logs.ERROR: This query failed ... [] []
[2023-05-16T15:34:30.486425-04:00] access_log.INFO: Access: GET IP: ::1 /films-api/categories [] []
[2023-05-16T15:34:30.486431-04:00] access_log.INFO: Access: GET IP: ::1 /films-api/languages [] []
[2023-05-16T15:34:32.668381-04:00] database_logs.ERROR: This query failed ... [] []
[2023-05-16T15:34:32.674768-04:00] access_log.INFO: Access: GET IP: ::1 /films-api/films {"page":"1","page_size":"10"} []
[2023-05-16T15:34:32.748605-04:00] database_logs.ERROR: This query failed ... [] []
[2023-05-16T15:34:32.749704-04:00] access_log.INFO: Access: GET IP: ::1 /films-api/films {"page":"1","page_size":"10"} []
[2023-05-16T15:34:51.162537-04:00] database_logs.ERROR: This query failed ... [] []
[2023-05-16T15:34:51.173025-04:00] access_log.INFO: Access: GET IP: ::1 /films-api/actors {"page":"1","page_size":"10"} []
[2023-05-16T15:34:56.542629-04:00] database_logs.ERROR: This query failed ... [] []
[2023-05-16T15:34:56.542748-04:00] database_logs.ERROR: This query failed ... [] []
[2023-05-16T15:34:56.550553-04:00] access_log.INFO: Access: GET IP: ::1 /films-api/categories [] []
[2023-05-16T15:34:56.550619-04:00] access_log.INFO: Access: GET IP: ::1 /films-api/languages [] []
[2023-05-16T15:34:58.473980-04:00] database_logs.ERROR: This query failed ... [] []
[2023-05-16T15:34:58.480037-04:00] access_log.INFO: Access: GET IP: ::1 /films-api/films {"page":"1","page_size":"10"} []
[2023-05-16T15:34:58.557000-04:00] database_logs.ERROR: This query failed ... [] []
[2023-05-16T15:34:58.558040-04:00] access_log.INFO: Access: GET IP: ::1 /films-api/films {"page":"1","page_size":"10"} []
[2023-05-16T15:34:58.632241-04:00] database_logs.ERROR: This query failed ... [] []
[2023-05-16T15:34:58.633256-04:00] access_log.INFO: Access: GET IP: ::1 /films-api/films {"page":"1","page_size":"10"} []
[2023-05-16T15:35:29.354684-04:00] database_logs.ERROR: This query failed ... [] []
[2023-05-16T15:35:29.355707-04:00] access_log.INFO: Access: GET IP: 127.0.0.1 /films-api/films {"title":"Ac"} []
[2023-05-16T15:35:32.732389-04:00] database_logs.ERROR: This query failed ... [] []
[2023-05-16T15:35:32.745232-04:00] access_log.INFO: Access: GET IP: 127.0.0.1 /films-api/films [] []
[2023-05-16T15:36:01.569344-04:00] database_logs.ERROR: This query failed ... [] []
[2023-05-16T15:36:01.570608-04:00] access_log.INFO: Access: GET IP: 127.0.0.1 /films-api/films [] []
[2023-05-16T15:36:06.422594-04:00] database_logs.ERROR: This query failed ... [] []
[2023-05-16T15:36:06.423612-04:00] access_log.INFO: Access: GET IP: 127.0.0.1 /films-api/films [] []
[2023-05-16T15:36:21.475974-04:00] database_logs.ERROR: This query failed ... [] []
[2023-05-16T15:36:21.487625-04:00] access_log.INFO: Access: GET IP: 127.0.0.1 /films-api/films [] []
[2023-05-16T15:36:26.316337-04:00] database_logs.ERROR: This query failed ... [] []
[2023-05-16T15:36:26.317384-04:00] access_log.INFO: Access: GET IP: 127.0.0.1 /films-api/films {"title":"Ac","description":"shark"} []
[2023-05-16T15:36:28.995280-04:00] database_logs.ERROR: This query failed ... [] []
[2023-05-16T15:36:29.004801-04:00] access_log.INFO: Access: GET IP: 127.0.0.1 /films-api/films {"title":"Ac"} []
[2023-05-16T15:36:31.112092-04:00] database_logs.ERROR: This query failed ... [] []
[2023-05-16T15:36:31.119850-04:00] access_log.INFO: Access: GET IP: 127.0.0.1 /films-api/films [] []
[2023-05-16T15:40:53.894578-04:00] database_logs.ERROR: This query failed ... [] []
[2023-05-16T15:40:53.895815-04:00] access_log.INFO: Access: GET IP: ::1 /films-api/languages [] []
[2023-05-16T15:40:53.894703-04:00] database_logs.ERROR: This query failed ... [] []
[2023-05-16T15:40:53.895916-04:00] access_log.INFO: Access: GET IP: ::1 /films-api/categories [] []
[2023-05-16T15:40:58.780141-04:00] database_logs.ERROR: This query failed ... [] []
[2023-05-16T15:40:58.780272-04:00] database_logs.ERROR: This query failed ... [] []
[2023-05-16T15:40:58.791213-04:00] access_log.INFO: Access: GET IP: ::1 /films-api/languages [] []
[2023-05-16T15:40:58.791275-04:00] access_log.INFO: Access: GET IP: ::1 /films-api/categories [] []
[2023-05-16T15:41:03.604805-04:00] database_logs.ERROR: This query failed ... [] []
[2023-05-16T15:41:03.605976-04:00] access_log.INFO: Access: GET IP: ::1 /films-api/films {"page":"1","page_size":"10","title":"e","description":"e","category":"Music"} []
[2023-05-16T15:54:27.518133-04:00] database_logs.ERROR: This query failed ... [] []
[2023-05-16T15:54:27.519366-04:00] access_log.INFO: Access: GET IP: ::1 /films-api/languages [] []
[2023-05-16T15:54:27.518227-04:00] database_logs.ERROR: This query failed ... [] []
[2023-05-16T15:54:27.519458-04:00] access_log.INFO: Access: GET IP: ::1 /films-api/categories [] []
[2023-05-16T15:54:29.292522-04:00] database_logs.ERROR: This query failed ... [] []
[2023-05-16T15:54:29.294329-04:00] access_log.INFO: Access: GET IP: ::1 /films-api/films {"page":"1","page_size":"10"} []
[2023-05-16T15:54:34.772395-04:00] database_logs.ERROR: This query failed ... [] []
[2023-05-16T15:54:34.778673-04:00] access_log.INFO: Access: GET IP: ::1 /films-api/categories [] []
[2023-05-16T15:54:34.777448-04:00] database_logs.ERROR: This query failed ... [] []
[2023-05-16T15:54:34.778778-04:00] access_log.INFO: Access: GET IP: ::1 /films-api/languages [] []
[2023-05-16T15:54:36.376583-04:00] database_logs.ERROR: This query failed ... [] []
[2023-05-16T15:54:36.382724-04:00] access_log.INFO: Access: GET IP: ::1 /films-api/films {"page":"1","page_size":"10"} []
[2023-05-16T15:54:38.099933-04:00] database_logs.ERROR: This query failed ... [] []
[2023-05-16T15:54:38.101162-04:00] access_log.INFO: Access: GET IP: ::1 /films-api/actors {"page":"1","page_size":"10"} []
[2023-05-16T15:54:45.261620-04:00] database_logs.ERROR: This query failed ... [] []
[2023-05-16T15:54:45.269076-04:00] access_log.INFO: Access: GET IP: ::1 /films-api/actors {"page":"1","page_size":"10"} []
[2023-05-16T15:54:46.561947-04:00] database_logs.ERROR: This query failed ... [] []
[2023-05-16T15:54:46.561953-04:00] database_logs.ERROR: This query failed ... [] []
[2023-05-16T15:54:46.563260-04:00] access_log.INFO: Access: GET IP: ::1 /films-api/languages [] []
[2023-05-16T15:54:46.563305-04:00] access_log.INFO: Access: GET IP: ::1 /films-api/categories [] []
[2023-05-16T15:54:47.996258-04:00] database_logs.ERROR: This query failed ... [] []
[2023-05-16T15:54:47.997414-04:00] access_log.INFO: Access: GET IP: ::1 /films-api/films {"page":"1","page_size":"10"} []
[2023-05-16T15:54:56.102636-04:00] database_logs.ERROR: This query failed ... [] []
[2023-05-16T15:54:56.102830-04:00] database_logs.ERROR: This query failed ... [] []
[2023-05-16T15:54:56.104804-04:00] access_log.INFO: Access: GET IP: ::1 /films-api/languages [] []

[2023-05-16T15:54:57.159508-04:00] database_logs.ERROR: This query failed ... [] []
[2023-05-16T15:54:57.161503-04:00] access_log.INFO: Access: GET IP: ::1 /films-api/films {"page":"1","page_size":"10"} []
[2023-05-16T15:55:00.380358-04:00] database_logs.ERROR: This query failed ... [] []
[2023-05-16T15:55:00.381365-04:00] access_log.INFO: Access: GET IP: ::1 /films-api/categories [] []
[2023-05-16T15:55:00.380552-04:00] database_logs.ERROR: This query failed ... [] []
[2023-05-16T15:55:00.381541-04:00] access_log.INFO: Access: GET IP: ::1 /films-api/languages [] []
[2023-05-16T15:55:01.247579-04:00] database_logs.ERROR: This query failed ... [] []
[2023-05-16T15:55:01.248787-04:00] access_log.INFO: Access: GET IP: ::1 /films-api/films {"page":"1","page_size":"10"} []
[2023-05-16T15:55:02.501284-04:00] database_logs.ERROR: This query failed ... [] []
[2023-05-16T15:55:02.502328-04:00] access_log.INFO: Access: GET IP: ::1 /films-api/categories [] []
[2023-05-16T15:55:02.501438-04:00] database_logs.ERROR: This query failed ... [] []
[2023-05-16T15:55:02.502487-04:00] access_log.INFO: Access: GET IP: ::1 /films-api/languages [] []
[2023-05-16T15:55:03.427563-04:00] database_logs.ERROR: This query failed ... [] []
[2023-05-16T15:55:03.431640-04:00] access_log.INFO: Access: GET IP: ::1 /films-api/films {"page":"1","page_size":"10"} []
[2023-05-16T16:02:54.657864-04:00] database_logs.ERROR: This query failed ... [] []
[2023-05-16T16:02:54.659243-04:00] access_log.INFO: Access: GET IP: ::1 /films-api/categories [] []
[2023-05-16T16:02:54.657917-04:00] database_logs.ERROR: This query failed ... [] []
[2023-05-16T16:02:54.659325-04:00] access_log.INFO: Access: GET IP: ::1 /films-api/languages [] []
[2023-05-16T16:02:56.586273-04:00] database_logs.ERROR: This query failed ... [] []
[2023-05-16T16:02:56.587407-04:00] access_log.INFO: Access: GET IP: ::1 /films-api/films {"page":"1","page_size":"10"} []
[2023-05-16T16:02:58.809172-04:00] database_logs.ERROR: This query failed ... [] []
[2023-05-16T16:02:58.809246-04:00] database_logs.ERROR: This query failed ... [] []
[2023-05-16T16:02:58.810304-04:00] access_log.INFO: Access: GET IP: ::1 /films-api/languages [] []
[2023-05-16T16:02:58.810358-04:00] access_log.INFO: Access: GET IP: ::1 /films-api/categories [] []
[2023-05-16T16:03:00.089236-04:00] database_logs.ERROR: This query failed ... [] []
[2023-05-16T16:03:00.090317-04:00] access_log.INFO: Access: GET IP: ::1 /films-api/films {"page":"1","page_size":"10"} []
[2023-05-16T16:03:00.154460-04:00] database_logs.ERROR: This query failed ... [] []
[2023-05-16T16:03:00.155446-04:00] access_log.INFO: Access: GET IP: ::1 /films-api/films {"page":"1","page_size":"10"} []
[2023-05-16T16:03:02.159724-04:00] database_logs.ERROR: This query failed ... [] []
[2023-05-16T16:03:02.169676-04:00] access_log.INFO: Access: GET IP: ::1 /films-api/actors {"page":"1","page_size":"10"} []
[2023-05-16T16:03:03.366951-04:00] database_logs.ERROR: This query failed ... [] []
[2023-05-16T16:03:03.368219-04:00] access_log.INFO: Access: GET IP: ::1 /films-api/categories [] []
[2023-05-16T16:05:07.604569-04:00] database_logs.ERROR: This query failed ... [] []
[2023-05-16T16:05:07.611260-04:00] access_log.INFO: Access: GET IP: ::1 /films-api/categories [] []
[2023-05-16T16:05:08.758439-04:00] database_logs.ERROR: This query failed ... [] []
[2023-05-16T16:05:08.759520-04:00] access_log.INFO: Access: GET IP: ::1 /films-api/films {"page":"1","page_size":"10"} []
[2023-05-16T16:05:09.502662-04:00] database_logs.ERROR: This query failed ... [] []
[2023-05-16T16:05:09.503807-04:00] access_log.INFO: Access: GET IP: ::1 /films-api/categories [] []
[2023-05-16T16:06:07.856760-04:00] database_logs.ERROR: This query failed ... [] []
[2023-05-16T16:06:07.866396-04:00] access_log.INFO: Access: GET IP: ::1 /films-api/languages [] []
[2023-05-16T16:06:07.860628-04:00] database_logs.ERROR: This query failed ... [] []
[2023-05-16T16:06:07.866489-04:00] access_log.INFO: Access: GET IP: ::1 /films-api/categories [] []
[2023-05-16T16:06:09.076128-04:00] database_logs.ERROR: This query failed ... [] []
[2023-05-16T16:06:09.077141-04:00] access_log.INFO: Access: GET IP: ::1 /films-api/films {"page":"1","page_size":"10"} []
[2023-05-16T16:06:10.401302-04:00] database_logs.ERROR: This query failed ... [] []
[2023-05-16T16:06:10.402331-04:00] access_log.INFO: Access: GET IP: ::1 /films-api/languages [] []
[2023-05-16T16:06:10.401367-04:00] database_logs.ERROR: This query failed ... [] []
[2023-05-16T16:06:10.402392-04:00] access_log.INFO: Access: GET IP: ::1 /films-api/categories [] []
[2023-05-16T16:38:15.711164-04:00] database_logs.ERROR: This query failed ... [] []
[2023-05-16T16:38:15.715492-04:00] access_log.INFO: Access: GET IP: ::1 /films-api/actors {"page":"1","page_size":"10"} []
[2023-05-16T16:41:07.348589-04:00] database_logs.ERROR: This query failed ... [] []
[2023-05-16T16:41:07.350619-04:00] access_log.INFO: Access: GET IP: ::1 /films-api/categories [] []
[2023-05-16T16:41:07.348783-04:00] database_logs.ERROR: This query failed ... [] []
[2023-05-16T16:41:07.350755-04:00] access_log.INFO: Access: GET IP: ::1 /films-api/languages [] []
[2023-05-16T16:41:20.822021-04:00] database_logs.ERROR: This query failed ... [] []
[2023-05-16T16:41:20.826362-04:00] access_log.INFO: Access: GET IP: ::1 /films-api/films {"page":"1","page_size":"10","title":"e","description":"d"} []
[2023-05-16T16:41:24.561870-04:00] database_logs.ERROR: This query failed ... [] []
[2023-05-16T16:41:24.568490-04:00] access_log.INFO: Access: GET IP: ::1 /films-api/actors {"page":"1","page_size":"10","first_name":"e"} []
[2023-05-16T16:41:38.371924-04:00] database_logs.ERROR: This query failed ... [] []
[2023-05-16T16:41:38.378117-04:00] access_log.INFO: Access: GET IP: ::1 /films-api/actors {"page":"1","page_size":"10"} []
[2023-05-16T16:41:38.455920-04:00] database_logs.ERROR: This query failed ... [] []
[2023-05-16T16:41:38.456978-04:00] access_log.INFO: Access: GET IP: ::1 /films-api/actors {"page":"1","page_size":"10"} []
[2023-05-16T16:41:38.500605-04:00] database_logs.ERROR: This query failed ... [] []
[2023-05-16T16:41:38.501634-04:00] access_log.INFO: Access: GET IP: ::1 /films-api/actors {"page":"1","page_size":"10"} []
[2023-05-16T16:41:41.900092-04:00] database_logs.ERROR: This query failed ... [] []
[2023-05-16T16:41:41.903318-04:00] access_log.INFO: Access: POST IP: ::1 /films-api/actors [] []
[2023-05-16T16:43:24.848424-04:00] database_logs.ERROR: This query failed ... [] []
[2023-05-16T16:43:24.854361-04:00] access_log.INFO: Access: POST IP: ::1 /films-api/actors [] []
[2023-05-16T17:39:08.301831-04:00] database_logs.ERROR: This query failed ... [] []
[2023-05-16T17:39:08.321689-04:00] access_log.INFO: Access: GET IP: ::1 /films-api/categories [] []
[2023-05-16T17:39:11.700587-04:00] database_logs.ERROR: This query failed ... [] []
[2023-05-16T17:39:11.701301-04:00] access_log.INFO: Access: GET IP: ::1 /films-api/actors/3/films {"page":"1","page_size":"10"} []
[2023-05-16T17:39:15.050010-04:00] database_logs.ERROR: This query failed ... [] []
[2023-05-16T17:39:15.051374-04:00] access_log.INFO: Access: GET IP: ::1 /films-api/categories [] []
[2023-05-16T17:39:19.761999-04:00] database_logs.ERROR: This query failed ... [] []
[2023-05-16T17:39:19.762757-04:00] access_log.INFO: Access: GET IP: ::1 /films-api/actors/3/films {"page":"1","page_size":"10"} []
[2023-05-16T17:39:19.793531-04:00] database_logs.ERROR: This query failed ... [] []
[2023-05-16T17:39:19.794624-04:00] access_log.INFO: Access: GET IP: ::1 /films-api/actors/3/films {"page":"1","page_size":"10"} []
[2023-05-16T17:39:20.850918-04:00] database_logs.ERROR: This query failed ... [] []
[2023-05-16T17:39:20.851770-04:00] access_log.INFO: Access: GET IP: ::1 /films-api/categories [] []
[2023-05-16T17:39:25.692214-04:00] database_logs.ERROR: This query failed ... [] []
[2023-05-16T17:39:25.698092-04:00] access_log.INFO: Access: GET IP: ::1 /films-api/categories/3/films {"page":"1","page_size":"10"} []
[2023-05-16T17:39:26.593393-04:00] database_logs.ERROR: This query failed ... [] []
[2023-05-16T17:39:26.594312-04:00] access_log.INFO: Access: GET IP: ::1 /films-api/categories [] []
[2023-05-16T17:40:21.547491-04:00] database_logs.ERROR: This query failed ... [] []
[2023-05-16T17:40:21.557112-04:00] access_log.INFO: Access: GET IP: ::1 /films-api/categories [] []
[2023-05-16T17:40:51.157945-04:00] database_logs.ERROR: This query failed ... [] []
[2023-05-16T17:40:51.162134-04:00] access_log.INFO: Access: GET IP: ::1 /films-api/categories [] []
[2023-05-16T17:40:54.423461-04:00] database_logs.ERROR: This query failed ... [] []
[2023-05-16T17:40:54.424209-04:00] access_log.INFO: Access: GET IP: ::1 /films-api/actors/3/films {"page":"1","page_size":"10","category":"5"} []
[2023-05-16T17:42:35.523070-04:00] database_logs.ERROR: This query failed ... [] []
[2023-05-16T17:42:35.523176-04:00] database_logs.ERROR: This query failed ... [] []
[2023-05-16T17:42:35.524139-04:00] access_log.INFO: Access: GET IP: ::1 /films-api/categories [] []
[2023-05-16T17:42:35.524176-04:00] access_log.INFO: Access: GET IP: ::1 /films-api/languages [] []
[2023-05-16T17:42:51.257277-04:00] database_logs.ERROR: This query failed ... [] []
[2023-05-16T17:42:51.258631-04:00] access_log.INFO: Access: GET IP: ::1 /films-api/languages [] []
[2023-05-16T17:42:51.258635-04:00] access_log.INFO: Access: GET IP: ::1 /films-api/categories [] []
[2023-05-16T17:42:53.651944-04:00] database_logs.ERROR: This query failed ... [] []
[2023-05-16T17:42:53.652662-04:00] access_log.INFO: Access: GET IP: ::1 /films-api/films {"page":"1","page_size":"10","category":"Sports"} []
[2023-05-16T17:42:55.553223-04:00] database_logs.ERROR: This query failed ... [] []
[2023-05-16T17:42:55.558451-04:00] access_log.INFO: Access: GET IP: ::1 /films-api/categories [] []
[2023-05-16T17:42:57.808111-04:00] database_logs.ERROR: This query failed ... [] []
[2023-05-16T17:42:57.808824-04:00] access_log.INFO: Access: GET IP: ::1 /films-api/categories/3/films {"page":"1","page_size":"10"} []
[2023-05-16T17:42:58.940085-04:00] database_logs.ERROR: This query failed ... [] []
[2023-05-16T17:42:58.940900-04:00] access_log.INFO: Access: GET IP: ::1 /films-api/categories [] []
[2023-05-16T17:43:40.804914-04:00] database_logs.ERROR: This query failed ... [] []
[2023-05-16T17:43:40.805678-04:00] access_log.INFO: Access: GET IP: ::1 /films-api/categories [] []
[2023-05-16T17:43:44.784703-04:00] database_logs.ERROR: This query failed ... [] []
[2023-05-16T17:43:44.784750-04:00] database_logs.ERROR: This query failed ... [] []
[2023-05-16T17:43:44.785473-04:00] access_log.INFO: Access: GET IP: ::1 /films-api/categories [] []
[2023-05-16T17:43:44.785506-04:00] access_log.INFO: Access: GET IP: ::1 /films-api/languages [] []
[2023-05-16T17:44:39.587998-04:00] database_logs.ERROR: This query failed ... [] []
[2023-05-16T17:44:39.588916-04:00] access_log.INFO: Access: GET IP: ::1 /films-api/categories [] []
[2023-05-16T17:44:43.098436-04:00] database_logs.ERROR: This query failed ... [] []
[2023-05-16T17:44:43.099525-04:00] access_log.INFO: Access: GET IP: ::1 /films-api/categories [] []
[2023-05-16T17:44:43.102437-04:00] database_logs.ERROR: This query failed ... [] []
[2023-05-16T17:44:43.103340-04:00] access_log.INFO: Access: GET IP: ::1 /films-api/languages [] []
[2023-05-16T17:45:18.146177-04:00] database_logs.ERROR: This query failed ... [] []
[2023-05-16T17:45:18.147103-04:00] access_log.INFO: Access: GET IP: ::1 /films-api/categories [] []
[2023-05-16T17:46:11.397363-04:00] database_logs.ERROR: This query failed ... [] []
[2023-05-16T17:46:11.401254-04:00] access_log.INFO: Access: GET IP: ::1 /films-api/categories [] []
[2023-05-16T17:46:27.698654-04:00] database_logs.ERROR: This query failed ... [] []
[2023-05-16T17:46:27.698654-04:00] database_logs.ERROR: This query failed ... [] []
[2023-05-16T17:46:27.701479-04:00] access_log.INFO: Access: GET IP: ::1 /films-api/languages [] []
[2023-05-16T17:46:27.701517-04:00] access_log.INFO: Access: GET IP: ::1 /films-api/categories [] []
[2023-05-16T17:46:55.078262-04:00] database_logs.ERROR: This query failed ... [] []
[2023-05-16T17:46:55.079369-04:00] access_log.INFO: Access: GET IP: ::1 /films-api/categories [] []
[2023-05-16T17:50:32.557796-04:00] database_logs.ERROR: This query failed ... [] []
[2023-05-16T17:50:32.558869-04:00] access_log.INFO: Access: GET IP: ::1 /films-api/languages [] []
[2023-05-16T17:50:32.558873-04:00] access_log.INFO: Access: GET IP: ::1 /films-api/categories [] []
[2023-05-16T17:50:35.054731-04:00] database_logs.ERROR: This query failed ... [] []
[2023-05-16T17:50:35.055668-04:00] access_log.INFO: Access: GET IP: ::1 /films-api/films {"page":"1","page_size":"10","category":"Sports"} []
[2023-05-16T17:50:38.615926-04:00] database_logs.ERROR: This query failed ... [] []
[2023-05-16T17:50:38.616962-04:00] access_log.INFO: Access: GET IP: ::1 /films-api/categories [] []
[2023-05-16T17:50:44.268627-04:00] database_logs.ERROR: This query failed ... [] []
[2023-05-16T17:50:44.278058-04:00] access_log.INFO: Access: GET IP: ::1 /films-api/actors/3/films {"page":"1","page_size":"10","category":"Comedy"} []
[2023-05-16T17:50:46.227237-04:00] database_logs.ERROR: This query failed ... [] []
[2023-05-16T17:50:46.232205-04:00] access_log.INFO: Access: GET IP: ::1 /films-api/categories [] []
[2023-05-16T17:50:51.375644-04:00] database_logs.ERROR: This query failed ... [] []
[2023-05-16T17:50:51.378410-04:00] access_log.INFO: Access: GET IP: ::1 /films-api/actors/1/films {"page":"1","page_size":"10","category":"Comedy"} []
[2023-05-16T17:50:51.423729-04:00] database_logs.ERROR: This query failed ... [] []
[2023-05-16T17:50:51.424453-04:00] access_log.INFO: Access: GET IP: ::1 /films-api/actors/1/films {"page":"1","page_size":"10","category":"Comedy"} []
[2023-05-16T17:50:52.523764-04:00] database_logs.ERROR: This query failed ... [] []
[2023-05-16T17:50:52.524560-04:00] access_log.INFO: Access: GET IP: ::1 /films-api/categories [] []
[2023-05-16T17:50:54.675383-04:00] database_logs.ERROR: This query failed ... [] []
[2023-05-16T17:50:54.680453-04:00] access_log.INFO: Access: GET IP: ::1 /films-api/categories/2/films {"page":"1","page_size":"10"} []
[2023-05-16T19:43:27.255003-04:00] database_logs.ERROR: This query failed ... [] []
[2023-05-16T19:43:27.293749-04:00] access_log.INFO: Access: GET IP: ::1 /films-api/actors {"page":"1","page_size":"10"} []
[2023-05-16T19:43:30.549824-04:00] database_logs.ERROR: This query failed ... [] []
[2023-05-16T19:43:30.550595-04:00] access_log.INFO: Access: GET IP: ::1 /films-api/actors {"page":"1","page_size":"10"} []
[2023-05-16T19:43:30.582724-04:00] database_logs.ERROR: This query failed ... [] []
[2023-05-16T19:43:30.583467-04:00] access_log.INFO: Access: GET IP: ::1 /films-api/actors {"page":"1","page_size":"10"} []
[2023-05-16T19:43:35.169985-04:00] database_logs.ERROR: This query failed ... [] []
[2023-05-16T19:43:35.174840-04:00] access_log.INFO: Access: GET IP: ::1 /films-api/actors {"page":"1","page_size":"10","first_name":"dvdvsdvsvsv"} []
[2023-05-16T19:43:35.296084-04:00] database_logs.ERROR: This query failed ... [] []
[2023-05-16T19:43:35.296898-04:00] access_log.INFO: Access: GET IP: ::1 /films-api/actors {"page":"1","page_size":"10","first_name":"dvdvsdvsvsv"} []
[2023-05-16T19:43:35.335134-04:00] database_logs.ERROR: This query failed ... [] []
[2023-05-16T19:43:35.335892-04:00] access_log.INFO: Access: GET IP: ::1 /films-api/actors {"page":"1","page_size":"10","first_name":"dvdvsdvsvsv"} []
[2023-05-16T19:43:50.506471-04:00] database_logs.ERROR: This query failed ... [] []
[2023-05-16T19:43:50.507448-04:00] access_log.INFO: Access: GET IP: ::1 /films-api/actors {"page":"1","page_size":"10","first_name":"dvsv"} []
[2023-05-16T19:49:00.466737-04:00] database_logs.ERROR: This query failed ... [] []
[2023-05-16T19:49:00.468185-04:00] access_log.INFO: Access: GET IP: ::1 /films-api/actors {"page":"1","page_size":"10"} []
[2023-05-16T19:49:01.568308-04:00] database_logs.ERROR: This query failed ... [] []
[2023-05-16T19:49:01.569805-04:00] access_log.INFO: Access: GET IP: ::1 /films-api/actors {"page":"2","page_size":"10"} []
[2023-05-16T19:49:02.266512-04:00] database_logs.ERROR: This query failed ... [] []
[2023-05-16T19:49:02.267215-04:00] access_log.INFO: Access: GET IP: ::1 /films-api/actors {"page":"3","page_size":"10"} []
[2023-05-16T19:49:03.005801-04:00] database_logs.ERROR: This query failed ... [] []
[2023-05-16T19:49:03.006679-04:00] access_log.INFO: Access: GET IP: ::1 /films-api/actors {"page":"2","page_size":"10"} []
[2023-05-16T19:49:03.202413-04:00] database_logs.ERROR: This query failed ... [] []
[2023-05-16T19:49:03.203107-04:00] access_log.INFO: Access: GET IP: ::1 /films-api/actors {"page":"1","page_size":"10"} []
[2023-05-16T19:49:03.370670-04:00] database_logs.ERROR: This query failed ... [] []
[2023-05-16T19:49:03.371853-04:00] access_log.INFO: Access: GET IP: ::1 /films-api/actors {"page":"1","page_size":"10"} []
[2023-05-16T19:49:03.542472-04:00] database_logs.ERROR: This query failed ... [] []
[2023-05-16T19:49:03.543376-04:00] access_log.INFO: Access: GET IP: ::1 /films-api/actors {"page":"1","page_size":"10"} []
[2023-05-16T19:49:05.488930-04:00] database_logs.ERROR: This query failed ... [] []
[2023-05-16T19:49:05.489632-04:00] access_log.INFO: Access: GET IP: ::1 /films-api/actors {"page":"1","page_size":"40"} []
[2023-05-16T19:49:06.450047-04:00] database_logs.ERROR: This query failed ... [] []
[2023-05-16T19:49:06.450919-04:00] access_log.INFO: Access: GET IP: ::1 /films-api/actors {"page":"2","page_size":"40"} []
[2023-05-16T19:49:06.974030-04:00] database_logs.ERROR: This query failed ... [] []
[2023-05-16T19:49:06.974728-04:00] access_log.INFO: Access: GET IP: ::1 /films-api/actors {"page":"3","page_size":"40"} []
[2023-05-16T19:49:07.853534-04:00] database_logs.ERROR: This query failed ... [] []
[2023-05-16T19:49:07.854269-04:00] access_log.INFO: Access: GET IP: ::1 /films-api/actors {"page":"2","page_size":"40"} []
[2023-05-16T19:49:09.376627-04:00] database_logs.ERROR: This query failed ... [] []
[2023-05-16T19:49:09.377350-04:00] access_log.INFO: Access: GET IP: ::1 /films-api/actors {"page":"1","page_size":"40"} []
[2023-05-16T19:49:10.582592-04:00] database_logs.ERROR: This query failed ... [] []
[2023-05-16T19:49:10.583831-04:00] access_log.INFO: Access: GET IP: ::1 /films-api/actors {"page":"1","page_size":"40"} []
[2023-05-16T19:49:11.126073-04:00] database_logs.ERROR: This query failed ... [] []
[2023-05-16T19:49:11.127275-04:00] access_log.INFO: Access: GET IP: ::1 /films-api/actors {"page":"1","page_size":"40"} []
[2023-05-16T19:49:12.521972-04:00] database_logs.ERROR: This query failed ... [] []
[2023-05-16T19:49:12.522690-04:00] access_log.INFO: Access: GET IP: ::1 /films-api/actors {"page":"2","page_size":"40"} []
[2023-05-16T19:49:16.798105-04:00] database_logs.ERROR: This query failed ... [] []
[2023-05-16T19:49:16.798831-04:00] access_log.INFO: Access: GET IP: ::1 /films-api/actors {"page":"3","page_size":"40"} []
[2023-05-16T19:49:19.041456-04:00] database_logs.ERROR: This query failed ... [] []
[2023-05-16T19:49:19.042168-04:00] access_log.INFO: Access: GET IP: ::1 /films-api/actors {"page":"4","page_size":"40"} []
[2023-05-16T19:49:20.515884-04:00] database_logs.ERROR: This query failed ... [] []
[2023-05-16T19:49:20.516612-04:00] access_log.INFO: Access: GET IP: ::1 /films-api/actors {"page":"5","page_size":"40"} []
[2023-05-16T19:49:20.937246-04:00] database_logs.ERROR: This query failed ... [] []
[2023-05-16T19:49:20.937982-04:00] access_log.INFO: Access: GET IP: ::1 /films-api/actors {"page":"6","page_size":"40"} []
[2023-05-16T19:49:21.384619-04:00] database_logs.ERROR: This query failed ... [] []
[2023-05-16T19:49:21.385429-04:00] access_log.INFO: Access: GET IP: ::1 /films-api/actors {"page":"6","page_size":"40"} []
[2023-05-16T19:49:21.813984-04:00] database_logs.ERROR: This query failed ... [] []
[2023-05-16T19:49:21.815369-04:00] access_log.INFO: Access: GET IP: ::1 /films-api/actors {"page":"6","page_size":"40"} []
[2023-05-16T19:49:23.081518-04:00] database_logs.ERROR: This query failed ... [] []
[2023-05-16T19:49:23.082222-04:00] access_log.INFO: Access: GET IP: ::1 /films-api/actors {"page":"5","page_size":"40"} []
[2023-05-16T19:49:23.275970-04:00] database_logs.ERROR: This query failed ... [] []
[2023-05-16T19:49:23.276690-04:00] access_log.INFO: Access: GET IP: ::1 /films-api/actors {"page":"4","page_size":"40"} []
[2023-05-16T19:49:23.464819-04:00] database_logs.ERROR: This query failed ... [] []
[2023-05-16T19:49:23.465535-04:00] access_log.INFO: Access: GET IP: ::1 /films-api/actors {"page":"3","page_size":"40"} []
[2023-05-16T19:49:23.654701-04:00] database_logs.ERROR: This query failed ... [] []
[2023-05-16T19:49:23.655409-04:00] access_log.INFO: Access: GET IP: ::1 /films-api/actors {"page":"2","page_size":"40"} []
[2023-05-16T19:49:23.807655-04:00] database_logs.ERROR: This query failed ... [] []
[2023-05-16T19:49:23.808367-04:00] access_log.INFO: Access: GET IP: ::1 /films-api/actors {"page":"1","page_size":"40"} []
[2023-05-16T19:49:23.961367-04:00] database_logs.ERROR: This query failed ... [] []
[2023-05-16T19:49:23.962399-04:00] access_log.INFO: Access: GET IP: ::1 /films-api/actors {"page":"1","page_size":"40"} []
[2023-05-16T19:49:24.125110-04:00] database_logs.ERROR: This query failed ... [] []
[2023-05-16T19:49:24.125937-04:00] access_log.INFO: Access: GET IP: ::1 /films-api/actors {"page":"1","page_size":"40"} []
[2023-05-16T19:49:24.273340-04:00] database_logs.ERROR: This query failed ... [] []
[2023-05-16T19:49:24.274228-04:00] access_log.INFO: Access: GET IP: ::1 /films-api/actors {"page":"1","page_size":"40"} []
[2023-05-16T19:49:24.446848-04:00] database_logs.ERROR: This query failed ... [] []
[2023-05-16T19:49:24.447653-04:00] access_log.INFO: Access: GET IP: ::1 /films-api/actors {"page":"1","page_size":"40"} []
[2023-05-16T19:51:02.228405-04:00] database_logs.ERROR: This query failed ... [] []
[2023-05-16T19:51:02.234173-04:00] access_log.INFO: Access: GET IP: ::1 /films-api/actors {"page":"1","page_size":"10"} []
[2023-05-16T19:51:04.448947-04:00] database_logs.ERROR: This query failed ... [] []
[2023-05-16T19:51:04.449768-04:00] access_log.INFO: Access: GET IP: ::1 /films-api/actors {"page":"2","page_size":"10"} []
[2023-05-16T19:51:04.860623-04:00] database_logs.ERROR: This query failed ... [] []
[2023-05-16T19:51:04.861323-04:00] access_log.INFO: Access: GET IP: ::1 /films-api/actors {"page":"3","page_size":"10"} []
[2023-05-16T19:51:05.303337-04:00] database_logs.ERROR: This query failed ... [] []
[2023-05-16T19:51:05.304129-04:00] access_log.INFO: Access: GET IP: ::1 /films-api/actors {"page":"4","page_size":"10"} []
[2023-05-16T19:51:05.784442-04:00] database_logs.ERROR: This query failed ... [] []
[2023-05-16T19:51:05.785139-04:00] access_log.INFO: Access: GET IP: ::1 /films-api/actors {"page":"5","page_size":"10"} []
[2023-05-16T19:51:06.196375-04:00] database_logs.ERROR: This query failed ... [] []
[2023-05-16T19:51:06.197117-04:00] access_log.INFO: Access: GET IP: ::1 /films-api/actors {"page":"6","page_size":"10"} []
[2023-05-16T19:51:06.699145-04:00] database_logs.ERROR: This query failed ... [] []
[2023-05-16T19:51:06.699853-04:00] access_log.INFO: Access: GET IP: ::1 /films-api/actors {"page":"5","page_size":"10"} []
[2023-05-16T19:51:06.853759-04:00] database_logs.ERROR: This query failed ... [] []
[2023-05-16T19:51:06.854453-04:00] access_log.INFO: Access: GET IP: ::1 /films-api/actors {"page":"4","page_size":"10"} []
[2023-05-16T19:51:07.001006-04:00] database_logs.ERROR: This query failed ... [] []
[2023-05-16T19:51:07.001715-04:00] access_log.INFO: Access: GET IP: ::1 /films-api/actors {"page":"3","page_size":"10"} []
[2023-05-16T19:51:07.132685-04:00] database_logs.ERROR: This query failed ... [] []
[2023-05-16T19:51:07.133390-04:00] access_log.INFO: Access: GET IP: ::1 /films-api/actors {"page":"2","page_size":"10"} []
[2023-05-16T19:51:07.272425-04:00] database_logs.ERROR: This query failed ... [] []
[2023-05-16T19:51:07.273120-04:00] access_log.INFO: Access: GET IP: ::1 /films-api/actors {"page":"1","page_size":"10"} []
[2023-05-16T19:51:07.435809-04:00] database_logs.ERROR: This query failed ... [] []
[2023-05-16T19:51:07.436525-04:00] access_log.INFO: Access: GET IP: ::1 /films-api/actors {"page":"1","page_size":"10"} []
[2023-05-16T19:51:07.602673-04:00] database_logs.ERROR: This query failed ... [] []
[2023-05-16T19:51:07.603429-04:00] access_log.INFO: Access: GET IP: ::1 /films-api/actors {"page":"1","page_size":"10"} []
[2023-05-16T19:51:07.770564-04:00] database_logs.ERROR: This query failed ... [] []
[2023-05-16T19:51:07.771274-04:00] access_log.INFO: Access: GET IP: ::1 /films-api/actors {"page":"1","page_size":"10"} []
[2023-05-16T20:02:27.787620-04:00] database_logs.ERROR: This query failed ... [] []
[2023-05-16T20:02:27.787667-04:00] database_logs.ERROR: This query failed ... [] []
[2023-05-16T20:02:27.792603-04:00] access_log.INFO: Access: GET IP: ::1 /films-api/languages [] []
[2023-05-16T20:02:27.792656-04:00] access_log.INFO: Access: GET IP: ::1 /films-api/categories [] []
[2023-05-16T20:02:28.674073-04:00] database_logs.ERROR: This query failed ... [] []
[2023-05-16T20:02:28.674822-04:00] access_log.INFO: Access: GET IP: ::1 /films-api/films {"page":"1","page_size":"10"} []
[2023-05-16T20:02:29.795706-04:00] database_logs.ERROR: This query failed ... [] []
[2023-05-16T20:02:29.796898-04:00] access_log.INFO: Access: GET IP: ::1 /films-api/categories [] []
[2023-05-16T20:02:29.796906-04:00] access_log.INFO: Access: GET IP: ::1 /films-api/languages [] []
[2023-05-16T20:02:35.009654-04:00] database_logs.ERROR: This query failed ... [] []
[2023-05-16T20:02:35.014863-04:00] access_log.INFO: Access: GET IP: ::1 /films-api/films/2 [] []
[2023-05-16T20:13:01.354241-04:00] database_logs.ERROR: This query failed ... [] []
[2023-05-16T20:13:01.354240-04:00] database_logs.ERROR: This query failed ... [] []
[2023-05-16T20:13:01.355290-04:00] access_log.INFO: Access: GET IP: ::1 /films-api/categories [] []
[2023-05-16T20:13:01.355313-04:00] access_log.INFO: Access: GET IP: ::1 /films-api/languages [] []
[2023-05-16T20:13:02.605713-04:00] database_logs.ERROR: This query failed ... [] []
[2023-05-16T20:13:02.606430-04:00] access_log.INFO: Access: GET IP: ::1 /films-api/films {"page":"1","page_size":"10"} []
[2023-05-16T20:13:03.582416-04:00] database_logs.ERROR: This query failed ... [] []
[2023-05-16T20:13:03.583926-04:00] access_log.INFO: Access: GET IP: ::1 /films-api/categories [] []
